\BOOKMARK [1][-]{section.1}{Thermodynamics - A Refresher}{}% 1
\BOOKMARK [2][-]{subsection.1.1}{The Four Laws of Thermodynamics}{section.1}% 2
\BOOKMARK [2][-]{subsection.1.2}{Zeroth Law}{section.1}% 3
\BOOKMARK [2][-]{subsection.1.3}{First Law}{section.1}% 4
\BOOKMARK [2][-]{subsection.1.4}{Third Law}{section.1}% 5
\BOOKMARK [2][-]{subsection.1.5}{Heat Capacity}{section.1}% 6
\BOOKMARK [2][-]{subsection.1.6}{Intensive \046 Extensive Variables}{section.1}% 7
\BOOKMARK [2][-]{subsection.1.7}{The Fundamental Hypothesis of Thermodynamics}{section.1}% 8
\BOOKMARK [2][-]{subsection.1.8}{The Central Problem of Thermodynamics}{section.1}% 9
\BOOKMARK [2][-]{subsection.1.9}{Suggested Reading}{section.1}% 10
\BOOKMARK [1][-]{section.2}{Probability}{}% 11
\BOOKMARK [2][-]{subsection.2.1}{Probability generating functions}{section.2}% 12
\BOOKMARK [2][-]{subsection.2.2}{Properties of generating functions}{section.2}% 13
\BOOKMARK [2][-]{subsection.2.3}{The binomial distribution}{section.2}% 14
\BOOKMARK [2][-]{subsection.2.4}{The Poisson distribution}{section.2}% 15
\BOOKMARK [2][-]{subsection.2.5}{The expected long-run outcome of a binary process}{section.2}% 16
\BOOKMARK [2][-]{subsection.2.6}{Brownian motion}{section.2}% 17
\BOOKMARK [1][-]{section.3}{Statistical postulates}{}% 18
\BOOKMARK [2][-]{subsection.3.1}{An ideal gas}{section.3}% 19
\BOOKMARK [2][-]{subsection.3.2}{Maxwell's postulates}{section.3}% 20
\BOOKMARK [2][-]{subsection.3.3}{Equation of state}{section.3}% 21
\BOOKMARK [1][-]{section.4}{Phase space, Hamiltonian dynamics, and the fundamental postulate of statistical mechanics}{}% 22
\BOOKMARK [2][-]{subsection.4.1}{Phase space}{section.4}% 23
\BOOKMARK [2][-]{subsection.4.2}{Observables}{section.4}% 24
\BOOKMARK [2][-]{subsection.4.3}{The fundamental postulate of statistical mechanics}{section.4}% 25
\BOOKMARK [2][-]{subsection.4.4}{Symplectic transformations and phase space area preservation}{section.4}% 26
\BOOKMARK [2][-]{subsection.4.5}{Liouville's theorem and preservation of phase space volume}{section.4}% 27
\BOOKMARK [2][-]{subsection.4.6}{Recommended reading}{section.4}% 28
\BOOKMARK [1][-]{section.5}{Molecular dynamics and simulating Hamiltonian Systems}{}% 29
\BOOKMARK [2][-]{subsection.5.1}{Numerical integration}{section.5}% 30
\BOOKMARK [2][-]{subsection.5.2}{Recommended reading}{section.5}% 31
\BOOKMARK [1][-]{section.6}{Ensembles}{}% 32
\BOOKMARK [2][-]{subsection.6.1}{The canonical ensemble}{section.6}% 33
\BOOKMARK [2][-]{subsection.6.2}{Other ensembles}{section.6}% 34
\BOOKMARK [3][-]{subsubsection.6.2.1}{The grand-canonical ensemble}{subsection.6.2}% 35
\BOOKMARK [3][-]{subsubsection.6.2.2}{The P-T ensemble}{subsection.6.2}% 36
\BOOKMARK [2][-]{subsection.6.3}{Information theory and the Gibbs Formula for entropy}{section.6}% 37
\BOOKMARK [2][-]{subsection.6.4}{Calculating things with ensembles}{section.6}% 38
\BOOKMARK [3][-]{subsubsection.6.4.1}{Internal energy}{subsection.6.4}% 39
\BOOKMARK [3][-]{subsubsection.6.4.2}{Specific heat}{subsection.6.4}% 40
\BOOKMARK [3][-]{subsubsection.6.4.3}{Entropy}{subsection.6.4}% 41
\BOOKMARK [3][-]{subsubsection.6.4.4}{Simple harmonic oscillator}{subsection.6.4}% 42
\BOOKMARK [2][-]{subsection.6.5}{Recommended reading}{section.6}% 43
\BOOKMARK [1][-]{section.7}{Quantum statistical mechanics}{}% 44
\BOOKMARK [2][-]{subsection.7.1}{A refresher: bra-ket notation}{section.7}% 45
\BOOKMARK [2][-]{subsection.7.2}{Quantum micro-canonical ensemble}{section.7}% 46
\BOOKMARK [2][-]{subsection.7.3}{Quantum canonical ensemble}{section.7}% 47
\BOOKMARK [2][-]{subsection.7.4}{Quantum grand-canonical ensemble}{section.7}% 48
\BOOKMARK [2][-]{subsection.7.5}{Systems of indistinguishable particles}{section.7}% 49
\BOOKMARK [2][-]{subsection.7.6}{Fermionic and bosonic partition functions}{section.7}% 50
\BOOKMARK [3][-]{subsubsection.7.6.1}{Bose-Einstein Statistics}{subsection.7.6}% 51
\BOOKMARK [3][-]{subsubsection.7.6.2}{Fermi-Dirac statistics}{subsection.7.6}% 52
\BOOKMARK [3][-]{subsubsection.7.6.3}{Maxwell-Boltzman statistics}{subsection.7.6}% 53
\BOOKMARK [2][-]{subsection.7.7}{An example: the quantum harmonic oscillator}{section.7}% 54
\BOOKMARK [2][-]{subsection.7.8}{Recommended reading}{section.7}% 55
\BOOKMARK [1][-]{section.8}{Complex networks}{}% 56
\BOOKMARK [2][-]{subsection.8.1}{An introduction to graph theory \046 networks}{section.8}% 57
\BOOKMARK [2][-]{subsection.8.2}{Real-world networks: some examples}{section.8}% 58
\BOOKMARK [2][-]{subsection.8.3}{Properties of networks}{section.8}% 59
\BOOKMARK [2][-]{subsection.8.4}{Network growth models}{section.8}% 60
\BOOKMARK [2][-]{subsection.8.5}{Exponential random graph models}{section.8}% 61
\BOOKMARK [2][-]{subsection.8.6}{Recommended reading}{section.8}% 62
